12131|NP_041009.1|2180	1330521_1|YP_003358790.1|2179	1849328|YP_009353025.1|2173	1330520|YP_007985635.1|2168	64141|NP_758520.1|2169	2220002|YP_009480535.1|2173	263531|YP_009020973.1|2167	1929150|YP_009344963.1|2174	147711|NP_042288.1|2165	12064|NP_045756.1|2176	1604871|YP_009243645.1|2167	463676|YP_001552411.1|2145	2003652|YP_009361830.1|2129	1582094|YP_009112712.1|2120	2003651|YP_002956072.1|2114	586420|YP_002956075.1|2125	2003650|YP_002956076.1|2127	1233383|YP_009026376.1|2122	1330491|YP_002956074.1|2125	1481453|YP_009026384.1|2551	2016448|YP_009389450.1|2210	2003501|YP_009121743.1|2252	1195365|YP_009361319.1|2282	390157|YP_002268402.1|2182	1603964|YP_009118270.1|2207	1603963|YP_009118269.1|2234	1606765|YP_009352243.1|2219	118140|NP_653143.1|2237	1578826|YP_009111338.1|2219	434309|YP_001210296.2|2297	1089138|YP_004935357.1|2483	511755|YP_001949875.1|2294	12104|NP_056777.1|2293	204711|NP_040350.1|2304	693066|YP_001686841.1|2281	1564115|YP_009116874.1|2224	686983|YP_164335.1|2522	1196647|YP_005351240.1|2379	138951|NP_040760.1|2195	1511807|YP_009028557.1|2469	1836608|YP_009380518.1|2445	871701|YP_003853287.1|2259	1826059|YP_009246449.1|2210	138949|NP_040958.1|2183	1108810|YP_004934011.1|2338	1902502|YP_009290630.1|2487	871700|YP_003853286.1|2256	1926511|YP_009329856.1|2355	569195|YP_002456506.1|2489	1958777|YP_009345901.1|2481	1074213|YP_004782207.1|2440	1002918|NP_758809.1|2430	138950|NP_041277.1|2210	1074864|YP_004782529.1|2373	928289|YP_004564600.1|2344	1074863|YP_004782528.1|2384	1002921|NP_653145.1|2323	310907|NP_653149.1|2198	1547495|YP_009067077.1|2366	1659219|YP_009165594.1|2503	1659220|YP_009165595.1|2485	1431464|YP_006792625.1|2244	1562064|YP_009109563.1|2274	871699|YP_003853285.1|2429	1156769|YP_009138081.1|2459	1483681|YP_009026385.1|2234	1136133|YP_005102465.1|2489	47681|YP_009028564.1|2183	1330524|YP_003065643.1|2371	651733|YP_003038594.1|2375	1416021|YP_008802588.1|2353	1074865|YP_004782204.1|2339	1330521|YP_001715611.1|2182	1603962|YP_009118268.1|2336	138948|NP_042242.1|2194	1193974|YP_009259673.1|2188	1987145|YP_009179214.1|2261	1987140|YP_009179213.1|2254	1768064|YP_009215780.1|2228	12092|NP_041008.1|2226	12092|NP_041007.1|2228	1987144|YP_009179215.1|2224	194965|NP_740257.1|2464	1313215|NP_047200.1|2434	1534544|YP_009054898.1|2432	1641896|YP_009133208.1|2421	70796|NP_653151.1|2135	1745250|YP_009179216.1|2232	1708572|YP_009164030.1|2231	1766557|YP_009214667.1|2477	1214230|YP_006576515.1|2475	1350001|YP_009030047.1|2840	980964|YP_007974220.1|2814	1534547|YP_009054901.1|2745	1534548|YP_009054902.1|2749	1330070|YP_009021445.1|2817	1987722|YP_009362314.1|2486	1902501|YP_009290629.1|2492	2065211|YP_009448192.1|2669	1452516|YP_009000902.1|2480	1746030|YP_009179351.1|2862	1534550|YP_009054903.1|2492	47001|NP_653077.1|2590	1960206|YP_009345890.1|2973	1755588|YP_009021568.1|2865
12260|NP_612349.1|1851	392504|YP_003193665.1|1861	223769|YP_006576510.1|2244	748667|YP_004429248.1|2096	65743|NP_612604.1|2095	12280|NP_620765.1|2198	12615|YP_004382746.1|2113	1927714|YP_009330271.1|2196	65068|YP_009351878.1|2168	12261|NP_619518.1|1859	128790|YP_009175074.1|1857	649890|YP_008400121.1|1864	12264|NP_613283.1|1867	12263|NP_620657.1|1859	173976|NP_620619.1|2337	12275|NP_958814.1|2267	191547|NP_620112.1|2267	12273|NP_619705.1|2253	1935922|YP_009342468.1|2317	12271|YP_053925.1|2285	12274|NP_619689.1|2285	233784|YP_006347591.1|2285	12282|NP_919040.1|2305	257464|YP_008802578.1|2325	50817|NP_945134.1|1843	1432135|YP_008877634.1|1867	12262|NP_620468.1|1865	328061|YP_001911126.1|1854	487492|YP_002158824.1|1854	76875|NP_149012.1|1870	12809|NP_944487.1|2368
89463|NP_049374.1|2859	1460071|YP_009002581.1|3037	1521188|YP_009047245.1|2981	1690666|YP_009162630.1|3005	1591444|YP_009116875.1|2958	1487185|YP_009026409.1|2966	1936269|YP_009344960.1|3022	1432857|YP_008888537.1|2911	232800|YP_145791.1|2894	198112|NP_853560.2|2894	458132|YP_003622540.1|2965	1629132|YP_009129265.1|3033	436447|YP_001285409.1|2984	2054920|YP_009444707.1|2982	1541119|YP_009111311.1|3007	2018471|YP_009448183.1|2753	1410467|YP_008719809.1|3017	1345661|YP_008130309.1|3246	1566869|YP_009110667.1|3126	1464786|YP_009010941.1|3126	1906245|YP_009305421.1|3051	1345662|YP_008130310.1|3176	1911104|YP_009315906.1|3038	1920698|YP_009328891.1|3133	1965238|YP_009351892.1|3058	1958778|YP_009345906.1|3180	1654357|YP_009140562.1|3058	1888309|YP_009272812.1|2695
64279|NP_044945.1|1760	1983569|YP_009388499.1|1879	12136|NP_647481.1|1772	1776109|YP_009221981.1|1827	294365|YP_001040002.1|1901	68876|NP_851403.1|1934	1911442|YP_009315870.1|1968	1916650|YP_009315868.1|1966	92395|NP_620564.1|1656	92444|NP_066241.1|1907	294369|YP_164440.1|1397	1769780|YP_009252204.1|1803	1926967|YP_009329817.1|1871	359812|YP_610950.1|1796	81583|NP_620560.1|1778	64698|NP_620555.1|1812	103442|NP_620562.1|1796	1926968|YP_009329822.1|1525	1926996|YP_009329819.1|1556	1648481|YP_009255227.1|1554	1432856|YP_008888535.1|1939
1506581|YP_009104360.1|2171	1294177|YP_008083730.1|2234	1394142|YP_009361997.1|2208	1511784|YP_006543639.1|2134	172314|NP_647602.1|2254	1958776|YP_009345900.1|2174	1398149|YP_008531322.1|2260	1766559|YP_009215118.1|2147	1534546|YP_009054900.1|2147	195054|NP_046804.1|2180	1006061|YP_007947990.1|2250	1565990|YP_009100112.1|1975	1966007|YP_009351863.1|2240	1534545|YP_009054899.1|2208	1958775|YP_009345896.1|2219	471728|YP_001497152.1|2051	1439369|YP_008992026.1|2270	1223302|YP_006607894.1|2337	1482734|YP_009026377.1|2681	1964370|YP_009423853.1|2332
66834|NP_046156.1|819	1041883|YP_009389288.1|754	2005444|YP_009380529.1|751	209529|NP_733846.1|808	1983569|YP_009388500.1|824	64698|NP_620556.1|812	81583|NP_620561.1|875	103442|NP_620563.1|869	92395|NP_620565.1|854	1769780|YP_009252205.1|853	1776109|YP_009221982.1|859	1916650|YP_009315869.1|851	1911442|YP_009315871.1|851	64279|NP_044946.1|902	12136|NP_647482.1|896	359812|YP_610951.1|917
12262|NP_620464.1|997	12264|NP_613286.1|930	12264|NP_613287.1|926	649890|YP_008400127.1|1017	12263|NP_620658.1|1010	12261|NP_619517.1|1003	328061|YP_001911127.1|1096	392504|YP_003193666.1|1096	12260|NP_612348.1|1019	12264|NP_613285.1|1047	128790|YP_009175091.1|1099
2029771|YP_009423854.1|1597	439016|YP_001429583.1|1615	359987|YP_006732323.1|1606	2013564|YP_009388485.1|1588	1648484|YP_009255232.1|1804	439015|YP_001429581.1|1690	573993|YP_002647032.1|1691	1522179|YP_009047193.1|1615	1781241|YP_009227212.1|1644	1648482|YP_009255229.1|1880
2029771|YP_009423855.1|818	1648482|YP_009255230.1|794	439016|YP_001429584.1|864	1648484|YP_009255233.1|838	1522179|YP_009047194.1|946	2013564|YP_009388486.1|880	573993|YP_002647033.1|897	1781241|YP_009227213.1|1105	359987|YP_006732324.1|961	439015|YP_001429582.1|985
223769|YP_006576511.1|1351	12275|NP_758518.1|1344	12273|NP_619704.1|1325	173976|NP_620620.2|1241	191547|NP_620113.1|1358	257464|YP_008802579.1|1083	1935922|YP_009342469.1|1120	12282|NP_919039.1|1102	12809|NP_944488.1|1107
470166|YP_001976147.1|2152	1481465|YP_009165993.1|2151	1425364|YP_009104369.1|2193	1561160|YP_009389541.1|2192	661101|YP_003097229.1|2156	370833|YP_001039627.1|2159	1810396|YP_009389546.1|2208	1358807|YP_009389536.1|2224
470166|YP_001976149.1|1192	1481465|YP_009165995.1|1191	1425364|YP_009104371.1|1168	1810396|YP_009389538.1|1055	370833|YP_001040018.1|1199	661101|YP_003097231.1|1198	1561160|YP_009389545.1|1196	1358807|YP_009389543.1|1223
92444|NP_066242.1|915	68876|NP_851404.2|889	294365|YP_001040003.2|897	1432856|YP_008888536.1|839	294369|YP_164441.1|1138
367301|YP_654555.1|2164	167161|NP_599086.1|1916	1869111|YP_009316187.1|1888	1120751|YP_004936170.1|1887	47416|NP_620566.1|2082
66834|NP_046155.1|1999	2005444|YP_009380528.1|2001	209529|NP_733845.1|2036	1041883|YP_009389287.1|2008
470166|YP_001976148.1|191	1481465|YP_009165994.1|190	661101|YP_003097230.1|185	370833|YP_001040017.1|188
1228012|YP_009010984.1|3011	240555|NP_919029.1|2988	170621|NP_277061.1|2987	1972700|YP_009361829.1|3013
511755|YP_009173863.1|1063	434309|YP_009173864.1|1066	204711|YP_009175067.1|1070	12104|YP_006383902.1|1173
101688|NP_620568.1|2080	1476584|YP_009220374.1|2125	257463|YP_007697622.1|2315	202566|YP_081444.1|2251
487492|YP_002158823.1|970	50817|NP_945135.1|1019	1432135|YP_008877635.1|1097	76875|NP_149013.1|1065
1027947|YP_006666503.2|2066	932662|YP_004063985.1|2180	142102|NP_149057.1|2108
1027947|YP_006666504.1|1031	142102|NP_149058.1|1012	932662|YP_004063986.1|951
12274|NP_619706.1|1110	233784|YP_006347590.1|1108	12271|YP_053924.1|1111
1675864|YP_009165593.1|3186	12742|NP_620559.1|3086	1111710|YP_004935363.1|3223
51354|NP_619716.1|3444	1720595|YP_009165498.1|3426	35287|NP_042507.1|3474
101688|NP_620569.1|962	202566|YP_081445.1|961	1476584|YP_009220370.1|958
367301|YP_654556.1|1734	167161|NP_599087.1|1453
1425364|YP_009104370.1|203	1561160|YP_009389544.1|206
674971|YP_392465.1|1538	1983535|YP_009362296.1|1696
674971|YP_398835.1|1139	1983535|YP_009362297.1|851
1926968|YP_009329823.1|946	1926967|YP_009329818.1|991
1795648|YP_009270628.1|3008	1105380|YP_009010971.1|2953
65068|YP_009351879.1|1475	1927714|YP_009330272.1|1399
1869111|YP_009316179.1|1197	1120751|YP_004936171.1|1382
65743|NP_612586.1|1627	748667|YP_004429249.1|1500
1813613|YP_009269301.1|3209
1648483|YP_009255231.1|2492
1926969|YP_009329821.1|2514
324900|NP_944776.1|2582
204711|YP_003587920.1|157
1661395|YP_009143521.1|2714
28351|YP_227367.1|2228
28351|YP_227368.1|990
12777|NP_619734.1|3028
12615|YP_004382747.1|1590
1931370|YP_009342320.1|2670
12274|NP_619707.1|505
1810396|YP_009389537.1|234
1663127|YP_009177204.1|2943
1931371|YP_009336711.1|2853
1358807|YP_009389542.1|212
1931369|YP_009336637.1|2050
1931369|YP_009336638.1|933
1648481|YP_009255228.1|855
1813615|YP_009270629.1|3028
1926996|YP_009329820.1|690
294365|YP_006390080.1|95
12280|NP_620762.1|1883
1105381|YP_009010972.1|3348
1654355|YP_009140560.1|2777
47416|NP_620567.1|1575
257463|YP_007697621.1|929
1150861|YP_007935798.1|1407
1150861|YP_007935797.1|845
1912234|YP_009315907.1|3457
