12131|NP_041009.1|2180	1330521_1|YP_003358790.1|2179	1849328|YP_009353025.1|2173	1330520|YP_007985635.1|2168	64141|NP_758520.1|2169	2220002|YP_009480535.1|2173	263531|YP_009020973.1|2167	1929150|YP_009344963.1|2174	147711|NP_042288.1|2165	12064|NP_045756.1|2176	1604871|YP_009243645.1|2167	463676|YP_001552411.1|2145	2003652|YP_009361830.1|2129	1582094|YP_009112712.1|2120	2003651|YP_002956072.1|2114	586420|YP_002956075.1|2125	2003650|YP_002956076.1|2127	1233383|YP_009026376.1|2122	1330491|YP_002956074.1|2125	1481453|YP_009026384.1|2551	2016448|YP_009389450.1|2210	2003501|YP_009121743.1|2252	1195365|YP_009361319.1|2282	390157|YP_002268402.1|2182	1603964|YP_009118270.1|2207	1603963|YP_009118269.1|2234	1606765|YP_009352243.1|2219	118140|NP_653143.1|2237	1578826|YP_009111338.1|2219	434309|YP_001210296.2|2297	1089138|YP_004935357.1|2483	511755|YP_001949875.1|2294	12104|NP_056777.1|2293	204711|NP_040350.1|2304	693066|YP_001686841.1|2281	1564115|YP_009116874.1|2224	686983|YP_164335.1|2522	1196647|YP_005351240.1|2379	138951|NP_040760.1|2195	1511807|YP_009028557.1|2469	1836608|YP_009380518.1|2445	871701|YP_003853287.1|2259	1826059|YP_009246449.1|2210	138949|NP_040958.1|2183	1108810|YP_004934011.1|2338	1902502|YP_009290630.1|2487	871700|YP_003853286.1|2256	1926511|YP_009329856.1|2355	569195|YP_002456506.1|2489	1958777|YP_009345901.1|2481	1074213|YP_004782207.1|2440	1002918|NP_758809.1|2430	138950|NP_041277.1|2210	1074864|YP_004782529.1|2373	928289|YP_004564600.1|2344	1074863|YP_004782528.1|2384	1002921|NP_653145.1|2323	310907|NP_653149.1|2198	1547495|YP_009067077.1|2366	1659219|YP_009165594.1|2503	1659220|YP_009165595.1|2485	1431464|YP_006792625.1|2244	1562064|YP_009109563.1|2274	871699|YP_003853285.1|2429	1156769|YP_009138081.1|2459	1483681|YP_009026385.1|2234	1136133|YP_005102465.1|2489	47681|YP_009028564.1|2183	1330524|YP_003065643.1|2371	651733|YP_003038594.1|2375	1416021|YP_008802588.1|2353	1074865|YP_004782204.1|2339	1330521|YP_001715611.1|2182	1603962|YP_009118268.1|2336	138948|NP_042242.1|2194	1193974|YP_009259673.1|2188	1987145|YP_009179214.1|2261	1987140|YP_009179213.1|2254	1768064|YP_009215780.1|2228	12092|NP_041008.1|2226	12092|NP_041007.1|2228	1987144|YP_009179215.1|2224	194965|NP_740257.1|2464	1313215|NP_047200.1|2434	1534544|YP_009054898.1|2432	1641896|YP_009133208.1|2421	70796|NP_653151.1|2135	1745250|YP_009179216.1|2232	1708572|YP_009164030.1|2231	1766557|YP_009214667.1|2477	1214230|YP_006576515.1|2475	1350001|YP_009030047.1|2840	980964|YP_007974220.1|2814	1534547|YP_009054901.1|2745	1534548|YP_009054902.1|2749	1330070|YP_009021445.1|2817	1987722|YP_009362314.1|2486	1902501|YP_009290629.1|2492	2065211|YP_009448192.1|2669	1452516|YP_009000902.1|2480	1746030|YP_009179351.1|2862	1534550|YP_009054903.1|2492	47001|NP_653077.1|2590	1960206|YP_009345890.1|2973	1755588|YP_009021568.1|2865
12260|NP_612349.1|1851	392504|YP_003193665.1|1861	223769|YP_006576510.1|2244	748667|YP_004429248.1|2096	65743|NP_612604.1|2095	12280|NP_620765.1|2198	12615|YP_004382746.1|2113	1927714|YP_009330271.1|2196	65068|YP_009351878.1|2168	12261|NP_619518.1|1859	128790|YP_009175074.1|1857	649890|YP_008400121.1|1864	12264|NP_613283.1|1867	12263|NP_620657.1|1859	173976|NP_620619.1|2337	12275|NP_958814.1|2267	191547|NP_620112.1|2267	12273|NP_619705.1|2253	1935922|YP_009342468.1|2317	12271|YP_053925.1|2285	12274|NP_619689.1|2285	233784|YP_006347591.1|2285	12282|NP_919040.1|2305	257464|YP_008802578.1|2325	50817|NP_945134.1|1843	1432135|YP_008877634.1|1867	12262|NP_620468.1|1865	328061|YP_001911126.1|1854	487492|YP_002158824.1|1854	76875|NP_149012.1|1870	12809|NP_944487.1|2368
1506581|YP_009104360.1|2171	1294177|YP_008083730.1|2234	1394142|YP_009361997.1|2208	1511784|YP_006543639.1|2134	172314|NP_647602.1|2254	1958776|YP_009345900.1|2174	1398149|YP_008531322.1|2260	1766559|YP_009215118.1|2147	1534546|YP_009054900.1|2147	195054|NP_046804.1|2180	1006061|YP_007947990.1|2250	1565990|YP_009100112.1|1975	1966007|YP_009351863.1|2240	1534545|YP_009054899.1|2208	1958775|YP_009345896.1|2219	471728|YP_001497152.1|2051	1439369|YP_008992026.1|2270	1223302|YP_006607894.1|2337	1482734|YP_009026377.1|2681	1964370|YP_009423853.1|2332
12262|NP_620464.1|997	12264|NP_613286.1|930	12264|NP_613287.1|926	649890|YP_008400127.1|1017	12263|NP_620658.1|1010	12261|NP_619517.1|1003	328061|YP_001911127.1|1096	392504|YP_003193666.1|1096	12260|NP_612348.1|1019	12264|NP_613285.1|1047	128790|YP_009175091.1|1099
223769|YP_006576511.1|1351	12275|NP_758518.1|1344	12273|NP_619704.1|1325	173976|NP_620620.2|1241	191547|NP_620113.1|1358	257464|YP_008802579.1|1083	1935922|YP_009342469.1|1120	12282|NP_919039.1|1102	12809|NP_944488.1|1107
470166|YP_001976147.1|2152	1481465|YP_009165993.1|2151	1425364|YP_009104369.1|2193	1561160|YP_009389541.1|2192	661101|YP_003097229.1|2156	370833|YP_001039627.1|2159	1810396|YP_009389546.1|2208	1358807|YP_009389536.1|2224
470166|YP_001976149.1|1192	1481465|YP_009165995.1|1191	1425364|YP_009104371.1|1168	1810396|YP_009389538.1|1055	370833|YP_001040018.1|1199	661101|YP_003097231.1|1198	1561160|YP_009389545.1|1196	1358807|YP_009389543.1|1223
92444|NP_066242.1|915	68876|NP_851404.2|889	294365|YP_001040003.2|897	1432856|YP_008888536.1|839	294369|YP_164441.1|1138
367301|YP_654555.1|2164	167161|NP_599086.1|1916	1869111|YP_009316187.1|1888	1120751|YP_004936170.1|1887	47416|NP_620566.1|2082
511755|YP_009173863.1|1063	434309|YP_009173864.1|1066	204711|YP_009175067.1|1070	12104|YP_006383902.1|1173
101688|NP_620568.1|2080	1476584|YP_009220374.1|2125	257463|YP_007697622.1|2315	202566|YP_081444.1|2251
487492|YP_002158823.1|970	50817|NP_945135.1|1019	1432135|YP_008877635.1|1097	76875|NP_149013.1|1065
12274|NP_619706.1|1110	233784|YP_006347590.1|1108	12271|YP_053924.1|1111
1675864|YP_009165593.1|3186	12742|NP_620559.1|3086	1111710|YP_004935363.1|3223
51354|NP_619716.1|3444	1720595|YP_009165498.1|3426	35287|NP_042507.1|3474
101688|NP_620569.1|962	202566|YP_081445.1|961	1476584|YP_009220370.1|958
367301|YP_654556.1|1734	167161|NP_599087.1|1453
1869111|YP_009316179.1|1197	1120751|YP_004936171.1|1382
65743|NP_612586.1|1627	748667|YP_004429249.1|1500
28351|YP_227367.1|2228
28351|YP_227368.1|990
12777|NP_619734.1|3028
12280|NP_620762.1|1883
47416|NP_620567.1|1575
1150861|YP_007935798.1|1407
1150861|YP_007935797.1|845
