64280|NP_620045.1|3372	11082_1|YP_009246337.1|2554	1903340|YP_009305197.1|3342	1969397|YP_009388577.1|3343	31658|YP_009259257.1|3342	1302179|YP_009344962.1|3365	390845|YP_003029843.1|3342	390844|YP_899469.2|3364	1969400|YP_009389296.1|3342	218849|NP_891560.1|3358	161675|NP_658908.1|3351	64285|NP_620044.1|3380	64312|NP_689391.1|3375	64894|YP_009350101.1|3377	64300|NP_619758.1|3375	64299|YP_009126871.1|3375	667516|YP_009259488.1|3374	673515|YP_007877501.1|3360	1286143|YP_009041466.1|3357	643132|YP_002884239.1|3360	649187|YP_009056848.1|3435	11080|YP_001008348.1|3431	577122|YP_009351820.1|3428	11072|NP_059434.1|3433	11079|NP_051124.1|3435	64303|YP_001040004.1|3430	11082|NP_041724.2|3431	64286|YP_164264.1|3435	11082_1|YP_001527877.1|3434	64320|YP_002790881.1|3420	64319|YP_009350103.1|3431	59563|YP_001040006.1|3425	64318|YP_009222008.1|3430	64320_1|YP_009428568.1|3424	64305|YP_009126874.1|3428	499854|YP_009328360.1|3410	64292|YP_006846328.2|3428	44024|YP_001040007.1|3411	64293|YP_004734464.1|3426	64290|YP_002790883.1|3427	64311|YP_002790882.1|3409	11070|NP_073286.1|3388	11053|NP_059433.1|3393	11060|NP_056776.2|3392	164416|YP_002922020.1|3406	11069|YP_001621843.1|3391	64296|YP_009256192.1|3402	44026|YP_950478.1|3406	11089|NP_041726.1|3412	64295|YP_009344961.1|3391	1805494|YP_009345036.1|3401	64309|YP_009344969.1|3391	64284|YP_009344967.1|3391	64314|YP_009433741.1|3391	64297|YP_009344968.1|3394	64317|YP_009126875.1|3414	64294|NP_872627.1|3426	64283|YP_950477.1|3412	12542|NP_878909.1|3415	64307|YP_009345034.1|3417	11084|NP_043135.1|3415	40012|YP_009345037.1|3423	1691889|YP_009162613.1|3415	40004|YP_009001464.1|3423	64310|YP_009345035.1|3405	35279|YP_009345031.1|3422	11083|NP_620099.1|3416	11085|NP_620108.1|3415	11086|NP_044677.1|3415	1456752|YP_009001771.1|3420	1244565|YP_009352228.1|3386	1125677|YP_009259489.1|3386	1708654|YP_009164029.1|3385	1821227|YP_009350102.1|3415	1963247|YP_009351861.1|3417	1821222|YP_009256193.1|3397	1708574|YP_009164031.1|3404	1485186|YP_009026410.1|3446	486494|YP_009345019.1|3443	985683|YP_005352889.1|3445	631267|YP_005454257.1|3436	1566298|YP_009169331.1|3442	1445557|YP_009056847.1|3452
2008771|YP_009322132.1|2902	1544901|YP_009272536.1|3014	40271|YP_001469630.1|3034	1325446|YP_009325330.1|2972	1416349|YP_009058898.1|2944	1562039|YP_009109558.1|2856	39113|NP_056931.1|2865	1633878|YP_009130616.1|2774	1281454|YP_007905733.1|2749	42182|YP_001469634.1|3020	41856|NP_671491.1|3012	33745|YP_001469632.1|3009	33746|YP_001469633.1|3015	1562038|YP_009109557.1|2992	356114|YP_001469631.1|3022	1354498|YP_009325369.1|3334
402584|YP_002967452.1|3900	1234809|YP_006860588.1|3896	358764|NP_620062.1|3896	11096|NP_075354.1|3899	188938|YP_009026415.1|3898	1873455|YP_009268709.1|3636	412969|YP_008992092.1|3919	11099|NP_040937.1|3989	2014960|YP_009407716.1|3924	119222|NP_620053.1|3990	1562066|YP_009109567.1|3994
649187|YP_009268582.1|1563	1445557|YP_009268566.1|1534	985683|YP_009259522.1|1470	11079|YP_006485886.1|1198	64305|YP_009333101.1|1194	11072|YP_006355435.1|1199	11082|YP_009164950.1|1192	64286|YP_006485884.1|1198	11082_1|YP_006485883.2|1196	631267|YP_009259651.1|1564
1307801|YP_009256194.1|3107	1307800|NP_045010.1|2968	1985364|YP_009361867.1|2973	1454041|YP_009044207.1|2899	54290|NP_043570.1|2874	1729141|YP_009227295.1|3058	1307803|YP_007697649.1|3345	1562065|YP_009109602.1|3341	1321391|YP_007905734.1|3485
390845|YP_009259320.1|1357	1125677|YP_009268614.1|1367	1708574|YP_009259274.1|1392	1708654|YP_009259258.1|1372	218849|YP_006491219.1|1370	390844|YP_006470608.1|1401	643132|YP_006491221.1|1394	667516|YP_009268598.1|1398
1983570|YP_009388303.1|6615
1495316|YP_009028573.1|5906
1685953|YP_009175071.1|7334
42182|YP_009272658.1|126
1544901|YP_009305096.1|122
40271|YP_009272619.1|126
356114|YP_009272631.1|126
33746|YP_009272646.1|126
33745|YP_009272634.1|126
41856|NP_803170.1|162
1903340|YP_009305198.1|309
1172985|YP_009351917.1|915
1172985|YP_009351920.1|754
1172985|YP_009351918.1|809
1172985|YP_009351919.1|784
