INFO:root:No latest_assembly_versions folder for Acinetobacter_phage_vB_AbaP_CEB1
INFO:root:only suppressed dir in all assembly: ['suppressed'] | we can ignore this virus : Acinetobacter_phage_vB_AbaP_CEB1
WARNING:root:Duplicated taxon id: taxon id 44560 is found in more than one genbank file.. new_taxon_id used: 44560_1
WARNING:root:Duplicated taxon id: taxon id 445435 is found in more than one genbank file.. new_taxon_id used: 445435_1
WARNING:root:Taxon id is not homogenous ([226613, 1462685]) in /mirror/ncbi/current/genomes/refseq/viral/Bush_viper_reovirus/latest_assembly_versions/GCF_000919495.1_ViralMultiSegProj242281/GCF_000919495.1_ViralMultiSegProj242281_genomic.gbff.gz. Ids stored in error_taxon_ids file and the first id 226613 is used
WARNING:root:Taxonomy is not homogenous (['Viruses;dsRNA viruses;Reoviridae;Spinareovirinae;Orthoreovirus', 'Viruses;dsRNA viruses;Reoviridae;Spinareovirinae;Orthoreovirus;unclassified Orthoreovirus']) in /mirror/ncbi/current/genomes/refseq/viral/Bush_viper_reovirus/latest_assembly_versions/GCF_000919495.1_ViralMultiSegProj242281/GCF_000919495.1_ViralMultiSegProj242281_genomic.gbff.gz. the first taxonomy is used: Viruses;dsRNA viruses;Reoviridae;Spinareovirinae;Orthoreovirus
WARNING:root:Duplicated taxon id: taxon id 223252 is found in more than one genbank file.. new_taxon_id used: 223252_1
INFO:root:No latest_assembly_versions folder for Enterobacter_phage_phiKDA1
INFO:root:only suppressed dir in all assembly: ['suppressed'] | we can ignore this virus : Enterobacter_phage_phiKDA1
WARNING:root:Duplicated taxon id: taxon id 1330521 is found in more than one genbank file.. new_taxon_id used: 1330521_1
WARNING:root:Taxon id is not homogenous ([77811, 429564]) in /mirror/ncbi/current/genomes/refseq/viral/Euphorbia_mosaic_virus/latest_assembly_versions/GCF_000869345.1_ViralMultiSegProj17551/GCF_000869345.1_ViralMultiSegProj17551_genomic.gbff.gz. Ids stored in error_taxon_ids file and the first id 77811 is used
INFO:root:No latest_assembly_versions folder for Fitzroy_River_virus
INFO:root:only suppressed dir in all assembly: ['suppressed'] | we can ignore this virus : Fitzroy_River_virus
WARNING:root:Duplicated taxon id: taxon id 190061 is found in more than one genbank file.. new_taxon_id used: 190061_1
WARNING:root:Duplicated taxon id: taxon id 190064 is found in more than one genbank file.. new_taxon_id used: 190064_1
INFO:root:No latest_assembly_versions folder for Helicoverpa_zea_single_nucleopolyhedrovirus
INFO:root:only suppressed dir in all assembly: ['suppressed'] | we can ignore this virus : Helicoverpa_zea_single_nucleopolyhedrovirus
WARNING:root:Duplicated taxon id: taxon id 129875 is found in more than one genbank file.. new_taxon_id used: 129875_1
WARNING:root:Duplicated taxon id: taxon id 108098 is found in more than one genbank file.. new_taxon_id used: 108098_1
WARNING:root:Duplicated taxon id: taxon id 130310 is found in more than one genbank file.. new_taxon_id used: 130310_1
WARNING:root:Duplicated taxon id: taxon id 11269 is found in more than one genbank file.. new_taxon_id used: 11269_1
INFO:root:No latest_assembly_versions folder for Marine_birnavirus
INFO:root:only suppressed dir in all assembly: ['suppressed'] | we can ignore this virus : Marine_birnavirus
WARNING:root:Taxon id is not homogenous ([145261, 173824]) in /mirror/ncbi/current/genomes/refseq/viral/Methanothermobacter_phage_psiM100/latest_assembly_versions/GCF_000840645.2_ViralProj14289/GCF_000840645.2_ViralProj14289_genomic.gbff.gz. Ids stored in error_taxon_ids file and the first id 145261 is used
INFO:root:No latest_assembly_versions folder for Mint-like_virus
INFO:root:only suppressed dir in all assembly: ['suppressed'] | we can ignore this virus : Mint-like_virus
INFO:root:No latest_assembly_versions folder for Mirafiori_lettuce_big-vein_virus
INFO:root:only suppressed dir in all assembly: ['suppressed'] | we can ignore this virus : Mirafiori_lettuce_big-vein_virus
WARNING:root:Duplicated taxon id: taxon id 129956 is found in more than one genbank file.. new_taxon_id used: 129956_1
WARNING:root:Taxon id is not homogenous ([2115, 280702]) in /mirror/ncbi/current/genomes/refseq/viral/Mycoplasma_phage_phiMFV1/latest_assembly_versions/GCF_000843645.2_ViralProj14387/GCF_000843645.2_ViralProj14387_genomic.gbff.gz. Ids stored in error_taxon_ids file and the first id 2115 is used
WARNING:root:Taxon id is not homogenous ([1247, 1435411]) in /mirror/ncbi/current/genomes/refseq/viral/Oenococcus_phage_phi9805/latest_assembly_versions/GCF_000916175.1_ViralProj239725/GCF_000916175.1_ViralProj239725_genomic.gbff.gz. Ids stored in error_taxon_ids file and the first id 1247 is used
WARNING:root:Taxon id is not homogenous ([1247, 1432847]) in /mirror/ncbi/current/genomes/refseq/viral/Oenococcus_phage_phiS11/latest_assembly_versions/GCF_000916195.1_ViralProj239729/GCF_000916195.1_ViralProj239729_genomic.gbff.gz. Ids stored in error_taxon_ids file and the first id 1247 is used
WARNING:root:Duplicated taxon id: taxon id 1247 is found in more than one genbank file.. new_taxon_id used: 1247_1
WARNING:root:Taxon id is not homogenous ([1247, 1432848]) in /mirror/ncbi/current/genomes/refseq/viral/Oenococcus_phage_phiS13/latest_assembly_versions/GCF_000916215.1_ViralProj239733/GCF_000916215.1_ViralProj239733_genomic.gbff.gz. Ids stored in error_taxon_ids file and the first id 1247 is used
WARNING:root:Duplicated taxon id: taxon id 1247 is found in more than one genbank file.. new_taxon_id used: 1247_2
WARNING:root:Duplicated taxon id: taxon id 518829 is found in more than one genbank file.. new_taxon_id used: 518829_1
WARNING:root:No latest_assembly_versions folder for Ostreococcus_virus_OsV5
WARNING:root:NOT only suppressed dir in all assembly.. ['GCF_000872425.1_ViralProj28159'] | This virus has a problem.. :
INFO:root:No latest_assembly_versions folder for Propionibacterium_phage_PHL064
INFO:root:only suppressed dir in all assembly: ['suppressed'] | we can ignore this virus : Propionibacterium_phage_PHL064
INFO:root:No latest_assembly_versions folder for Propionibacterium_phage_PHL067
INFO:root:only suppressed dir in all assembly: ['suppressed'] | we can ignore this virus : Propionibacterium_phage_PHL067
INFO:root:No latest_assembly_versions folder for Propionibacterium_phage_PHL114
INFO:root:only suppressed dir in all assembly: ['suppressed'] | we can ignore this virus : Propionibacterium_phage_PHL114
INFO:root:No latest_assembly_versions folder for Propionibacterium_phage_PHL117
INFO:root:only suppressed dir in all assembly: ['suppressed'] | we can ignore this virus : Propionibacterium_phage_PHL117
INFO:root:No latest_assembly_versions folder for Propionibacterium_phage_PHL151
INFO:root:only suppressed dir in all assembly: ['suppressed'] | we can ignore this virus : Propionibacterium_phage_PHL151
INFO:root:No latest_assembly_versions folder for Propionibacterium_phage_PHL308
INFO:root:only suppressed dir in all assembly: ['suppressed'] | we can ignore this virus : Propionibacterium_phage_PHL308
WARNING:root:Duplicated taxon id: taxon id 117198 is found in more than one genbank file.. new_taxon_id used: 117198_1
WARNING:root:Taxon id is not homogenous ([223323, 269275]) in /mirror/ncbi/current/genomes/refseq/viral/Squash_leaf_curl_China_virus/latest_assembly_versions/GCF_000865805.1_ViralMultiSegProj15591/GCF_000865805.1_ViralMultiSegProj15591_genomic.gbff.gz. Ids stored in error_taxon_ids file and the first id 223323 is used
WARNING:root:Taxon id is not homogenous ([1280, 445515]) in /mirror/ncbi/current/genomes/refseq/viral/Staphylococcus_phage_tp310-1/latest_assembly_versions/GCF_000874165.2_ViralProj20659/GCF_000874165.2_ViralProj20659_genomic.gbff.gz. Ids stored in error_taxon_ids file and the first id 1280 is used
WARNING:root:Taxon id is not homogenous ([1280, 445516]) in /mirror/ncbi/current/genomes/refseq/viral/Staphylococcus_phage_tp310-2/latest_assembly_versions/GCF_000873505.2_ViralProj20661/GCF_000873505.2_ViralProj20661_genomic.gbff.gz. Ids stored in error_taxon_ids file and the first id 1280 is used
WARNING:root:Duplicated taxon id: taxon id 1280 is found in more than one genbank file.. new_taxon_id used: 1280_1
WARNING:root:Taxon id is not homogenous ([1280, 445517]) in /mirror/ncbi/current/genomes/refseq/viral/Staphylococcus_phage_tp310-3/latest_assembly_versions/GCF_000871065.2_ViralProj20663/GCF_000871065.2_ViralProj20663_genomic.gbff.gz. Ids stored in error_taxon_ids file and the first id 1280 is used
WARNING:root:Duplicated taxon id: taxon id 1280 is found in more than one genbank file.. new_taxon_id used: 1280_2
WARNING:root:Taxon id is not homogenous ([1091038, 1392231]) in /mirror/ncbi/current/genomes/refseq/viral/Streptococcus_phage_20617/latest_assembly_versions/GCF_000916975.1_ViralProj239271/GCF_000916975.1_ViralProj239271_genomic.gbff.gz. Ids stored in error_taxon_ids file and the first id 1091038 is used
WARNING:root:Duplicated taxon id: taxon id 1489311 is found in more than one genbank file.. new_taxon_id used: 1489311_1
INFO:root:No latest_assembly_versions folder for Sweet_potato_leaf_curl_Henanzhengzhou_virus
INFO:root:only suppressed dir in all assembly: ['suppressed'] | we can ignore this virus : Sweet_potato_leaf_curl_Henanzhengzhou_virus
WARNING:root:Taxon id is not homogenous ([1314, 173707]) in /mirror/ncbi/current/genomes/refseq/viral/Temperate_phage_phiNIH1.1/latest_assembly_versions/GCF_000838205.2_ViralProj14145/GCF_000838205.2_ViralProj14145_genomic.gbff.gz. Ids stored in error_taxon_ids file and the first id 1314 is used
WARNING:root:Duplicated taxon id: taxon id 619631 is found in more than one genbank file.. new_taxon_id used: 619631_1
WARNING:root:Taxon id is not homogenous ([223356, 223357]) in /mirror/ncbi/current/genomes/refseq/viral/Tomato_mosaic_Havana_virus/latest_assembly_versions/GCF_000837605.1_ViralMultiSegProj14188/GCF_000837605.1_ViralMultiSegProj14188_genomic.gbff.gz. Ids stored in error_taxon_ids file and the first id 223356 is used
WARNING:root:Duplicated taxon id: taxon id 11082 is found in more than one genbank file.. new_taxon_id used: 11082_1
WARNING:root:Duplicated taxon id: taxon id 64320 is found in more than one genbank file.. new_taxon_id used: 64320_1
INFO:root:No latest_assembly_versions folder for Campylobacter_virus_IBB35
INFO:root:only suppressed dir in all assembly: ['suppressed'] | we can ignore this virus : Campylobacter_virus_IBB35
WARNING:root:Duplicated taxon id: taxon id 1734441 is found in more than one genbank file.. new_taxon_id used: 1734441_1
WARNING:root:Taxon id is not homogenous ([40687, 198612]) in /mirror/ncbi/current/genomes/refseq/viral/Groundnut_bud_necrosis_orthotospovirus/latest_assembly_versions/GCF_000851245.1_ViralMultiSegProj14766/GCF_000851245.1_ViralMultiSegProj14766_genomic.gbff.gz. Ids stored in error_taxon_ids file and the first id 40687 is used
WARNING:root:Taxon id is not homogenous ([866553, 886285]) in /mirror/ncbi/current/genomes/refseq/viral/Escherichia_virus_24B/latest_assembly_versions/GCF_001308415.1_ViralProj298069/GCF_001308415.1_ViralProj298069_genomic.gbff.gz. Ids stored in error_taxon_ids file and the first id 866553 is used
INFO:root:No latest_assembly_versions folder for Blackbird_associated_gemycircularvirus_1
INFO:root:only suppressed dir in all assembly: ['suppressed'] | we can ignore this virus : Blackbird_associated_gemycircularvirus_1
INFO:root:No latest_assembly_versions folder for Lactococcus_virus_CB19
INFO:root:only suppressed dir in all assembly: ['suppressed'] | we can ignore this virus : Lactococcus_virus_CB19
INFO:root:No latest_assembly_versions folder for Orthohepevirus_D
INFO:root:only suppressed dir in all assembly: ['suppressed'] | we can ignore this virus : Orthohepevirus_D
INFO:root:No latest_assembly_versions folder for Propionibacterium_virus_PHL037M02
INFO:root:only suppressed dir in all assembly: ['suppressed'] | we can ignore this virus : Propionibacterium_virus_PHL037M02
WARNING:root:Duplicated taxon id: taxon id 130328 is found in more than one genbank file.. new_taxon_id used: 130328_1
INFO:root:No latest_assembly_versions folder for Mycobacterium_virus_Reprobate
INFO:root:only suppressed dir in all assembly: ['suppressed'] | we can ignore this virus : Mycobacterium_virus_Reprobate
INFO:root:No latest_assembly_versions folder for Papio_cynocephalus_polyomavirus_2
INFO:root:only suppressed dir in all assembly: ['suppressed'] | we can ignore this virus : Papio_cynocephalus_polyomavirus_2
INFO:root:No latest_assembly_versions folder for Vibrio_virus_Kappa
INFO:root:only suppressed dir in all assembly: ['suppressed'] | we can ignore this virus : Vibrio_virus_Kappa
INFO:root:No latest_assembly_versions folder for Papaya_leaf_curl_China_betasatellite
INFO:root:only suppressed dir in all assembly: ['suppressed'] | we can ignore this virus : Papaya_leaf_curl_China_betasatellite
INFO:root:No latest_assembly_versions folder for Mammalian_2_orthobornavirus
INFO:root:only suppressed dir in all assembly: ['suppressed'] | we can ignore this virus : Mammalian_2_orthobornavirus
INFO:root:No latest_assembly_versions folder for Mycobacterium_phage_BPs
INFO:root:only suppressed dir in all assembly: ['suppressed'] | we can ignore this virus : Mycobacterium_phage_BPs
INFO:root:No latest_assembly_versions folder for Mycobacterium_phage_DNAIII
INFO:root:only suppressed dir in all assembly: ['suppressed'] | we can ignore this virus : Mycobacterium_phage_DNAIII
INFO:root:No latest_assembly_versions folder for Bacillus_phage_Cherry
INFO:root:only suppressed dir in all assembly: ['suppressed'] | we can ignore this virus : Bacillus_phage_Cherry
INFO:root:No latest_assembly_versions folder for Mycobacterium_phage_SargentShorty9
INFO:root:only suppressed dir in all assembly: ['suppressed'] | we can ignore this virus : Mycobacterium_phage_SargentShorty9
WARNING:root:No latest_assembly_versions folder for Astrovirus_sp.
WARNING:root:NOT only suppressed dir in all assembly.. ['GCF_003260815.1_ASM326081v1'] | This virus has a problem.. :
WARNING:root:No latest_assembly_versions folder for Botrytis_cinerea_fusarivirus_1
WARNING:root:NOT only suppressed dir in all assembly.. ['GCF_003260875.1_ASM326087v1', 'GCF_003260895.1_ASM326089v1', 'GCF_003260915.1_ASM326091v1'] | This virus has a problem.. :
WARNING:root:No latest_assembly_versions folder for Botrytis_cinerea_hypovirus_1
WARNING:root:NOT only suppressed dir in all assembly.. ['GCF_003260855.1_ASM326085v1'] | This virus has a problem.. :
WARNING:root:No latest_assembly_versions folder for Botrytis_cinerea_hypovirus_1_satellite-like_RNA-S
WARNING:root:NOT only suppressed dir in all assembly.. ['GCF_003260955.1_ASM326095v1'] | This virus has a problem.. :
WARNING:root:No latest_assembly_versions folder for Botrytis_cinerea_hypovirus_1_satellite-like_RNA
WARNING:root:NOT only suppressed dir in all assembly.. ['GCF_003260935.1_ASM326093v1'] | This virus has a problem.. :
WARNING:root:No latest_assembly_versions folder for Pandoravirus_macleodensis
WARNING:root:NOT only suppressed dir in all assembly.. ['GCF_003233935.1_ASM323393v1'] | This virus has a problem.. :
WARNING:root:No latest_assembly_versions folder for Pandoravirus_neocaledonia
WARNING:root:NOT only suppressed dir in all assembly.. ['GCF_003233915.1_ASM323391v1'] | This virus has a problem.. :
WARNING:root:No latest_assembly_versions folder for Pandoravirus_quercus
WARNING:root:NOT only suppressed dir in all assembly.. ['GCF_003233895.1_ASM323389v1'] | This virus has a problem.. :
WARNING:root:No latest_assembly_versions folder for Sea_otter_poxvirus
WARNING:root:NOT only suppressed dir in all assembly.. ['GCF_003260795.1_ASM326079v1'] | This virus has a problem.. :
WARNING:root:No latest_assembly_versions folder for Sichuan_takin_astrovirus
WARNING:root:NOT only suppressed dir in all assembly.. ['GCF_003260775.1_ASM326077v1'] | This virus has a problem.. :
WARNING:root:No latest_assembly_versions folder for Sichuan_takin_enterovirus
WARNING:root:NOT only suppressed dir in all assembly.. ['GCF_003260755.1_ASM326075v1'] | This virus has a problem.. :
INFO:root:Cannot find the virus folder: /mirror/ncbi/current/genomes/refseq/viral/annotation_hashes.txt
INFO:root:Cannot find the virus folder: /mirror/ncbi/current/genomes/refseq/viral/assembly_summary.txt
INFO:root:Cannot find the virus folder: /mirror/ncbi/current/genomes/refseq/viral/assembly_summary_historical.txt
INFO:root:No latest_assembly_versions folder for Acinetobacter_phage_vB_AbaP_CEB1
INFO:root:only suppressed dir in all assembly: ['suppressed'] | we can ignore this virus : Acinetobacter_phage_vB_AbaP_CEB1
WARNING:root:Duplicated taxon id: taxon id 44560 is found in more than one genbank file.. new_taxon_id used: 44560_1
WARNING:root:Duplicated taxon id: taxon id 445435 is found in more than one genbank file.. new_taxon_id used: 445435_1
WARNING:root:Taxon id is not homogenous ([226613, 1462685]) in /mirror/ncbi/current/genomes/refseq/viral/Bush_viper_reovirus/latest_assembly_versions/GCF_000919495.1_ViralMultiSegProj242281/GCF_000919495.1_ViralMultiSegProj242281_genomic.gbff.gz. Ids stored in error_taxon_ids file and the first id 226613 is used
WARNING:root:Taxonomy is not homogenous (['Viruses;dsRNA viruses;Reoviridae;Spinareovirinae;Orthoreovirus', 'Viruses;dsRNA viruses;Reoviridae;Spinareovirinae;Orthoreovirus;unclassified Orthoreovirus']) in /mirror/ncbi/current/genomes/refseq/viral/Bush_viper_reovirus/latest_assembly_versions/GCF_000919495.1_ViralMultiSegProj242281/GCF_000919495.1_ViralMultiSegProj242281_genomic.gbff.gz. the first taxonomy is used: Viruses;dsRNA viruses;Reoviridae;Spinareovirinae;Orthoreovirus
WARNING:root:Duplicated taxon id: taxon id 223252 is found in more than one genbank file.. new_taxon_id used: 223252_1
INFO:root:No latest_assembly_versions folder for Enterobacter_phage_phiKDA1
INFO:root:only suppressed dir in all assembly: ['suppressed'] | we can ignore this virus : Enterobacter_phage_phiKDA1
WARNING:root:Duplicated taxon id: taxon id 1330521 is found in more than one genbank file.. new_taxon_id used: 1330521_1
WARNING:root:Taxon id is not homogenous ([77811, 429564]) in /mirror/ncbi/current/genomes/refseq/viral/Euphorbia_mosaic_virus/latest_assembly_versions/GCF_000869345.1_ViralMultiSegProj17551/GCF_000869345.1_ViralMultiSegProj17551_genomic.gbff.gz. Ids stored in error_taxon_ids file and the first id 77811 is used
INFO:root:No latest_assembly_versions folder for Fitzroy_River_virus
INFO:root:only suppressed dir in all assembly: ['suppressed'] | we can ignore this virus : Fitzroy_River_virus
WARNING:root:Duplicated taxon id: taxon id 190061 is found in more than one genbank file.. new_taxon_id used: 190061_1
WARNING:root:Duplicated taxon id: taxon id 190064 is found in more than one genbank file.. new_taxon_id used: 190064_1
INFO:root:No latest_assembly_versions folder for Helicoverpa_zea_single_nucleopolyhedrovirus
INFO:root:only suppressed dir in all assembly: ['suppressed'] | we can ignore this virus : Helicoverpa_zea_single_nucleopolyhedrovirus
WARNING:root:Duplicated taxon id: taxon id 129875 is found in more than one genbank file.. new_taxon_id used: 129875_1
WARNING:root:Duplicated taxon id: taxon id 108098 is found in more than one genbank file.. new_taxon_id used: 108098_1
WARNING:root:Duplicated taxon id: taxon id 130310 is found in more than one genbank file.. new_taxon_id used: 130310_1
WARNING:root:Duplicated taxon id: taxon id 11269 is found in more than one genbank file.. new_taxon_id used: 11269_1
INFO:root:No latest_assembly_versions folder for Marine_birnavirus
INFO:root:only suppressed dir in all assembly: ['suppressed'] | we can ignore this virus : Marine_birnavirus
WARNING:root:Taxon id is not homogenous ([145261, 173824]) in /mirror/ncbi/current/genomes/refseq/viral/Methanothermobacter_phage_psiM100/latest_assembly_versions/GCF_000840645.2_ViralProj14289/GCF_000840645.2_ViralProj14289_genomic.gbff.gz. Ids stored in error_taxon_ids file and the first id 145261 is used
INFO:root:No latest_assembly_versions folder for Mint-like_virus
INFO:root:only suppressed dir in all assembly: ['suppressed'] | we can ignore this virus : Mint-like_virus
INFO:root:No latest_assembly_versions folder for Mirafiori_lettuce_big-vein_virus
INFO:root:only suppressed dir in all assembly: ['suppressed'] | we can ignore this virus : Mirafiori_lettuce_big-vein_virus
WARNING:root:Duplicated taxon id: taxon id 129956 is found in more than one genbank file.. new_taxon_id used: 129956_1
WARNING:root:Taxon id is not homogenous ([2115, 280702]) in /mirror/ncbi/current/genomes/refseq/viral/Mycoplasma_phage_phiMFV1/latest_assembly_versions/GCF_000843645.2_ViralProj14387/GCF_000843645.2_ViralProj14387_genomic.gbff.gz. Ids stored in error_taxon_ids file and the first id 2115 is used
WARNING:root:Taxon id is not homogenous ([1247, 1435411]) in /mirror/ncbi/current/genomes/refseq/viral/Oenococcus_phage_phi9805/latest_assembly_versions/GCF_000916175.1_ViralProj239725/GCF_000916175.1_ViralProj239725_genomic.gbff.gz. Ids stored in error_taxon_ids file and the first id 1247 is used
WARNING:root:Taxon id is not homogenous ([1247, 1432847]) in /mirror/ncbi/current/genomes/refseq/viral/Oenococcus_phage_phiS11/latest_assembly_versions/GCF_000916195.1_ViralProj239729/GCF_000916195.1_ViralProj239729_genomic.gbff.gz. Ids stored in error_taxon_ids file and the first id 1247 is used
WARNING:root:Duplicated taxon id: taxon id 1247 is found in more than one genbank file.. new_taxon_id used: 1247_1
WARNING:root:Taxon id is not homogenous ([1247, 1432848]) in /mirror/ncbi/current/genomes/refseq/viral/Oenococcus_phage_phiS13/latest_assembly_versions/GCF_000916215.1_ViralProj239733/GCF_000916215.1_ViralProj239733_genomic.gbff.gz. Ids stored in error_taxon_ids file and the first id 1247 is used
WARNING:root:Duplicated taxon id: taxon id 1247 is found in more than one genbank file.. new_taxon_id used: 1247_2
WARNING:root:Duplicated taxon id: taxon id 518829 is found in more than one genbank file.. new_taxon_id used: 518829_1
WARNING:root:No latest_assembly_versions folder for Ostreococcus_virus_OsV5
WARNING:root:NOT only suppressed dir in all assembly.. ['GCF_000872425.1_ViralProj28159'] | This virus has a problem.. :
INFO:root:No latest_assembly_versions folder for Propionibacterium_phage_PHL064
INFO:root:only suppressed dir in all assembly: ['suppressed'] | we can ignore this virus : Propionibacterium_phage_PHL064
INFO:root:No latest_assembly_versions folder for Propionibacterium_phage_PHL067
INFO:root:only suppressed dir in all assembly: ['suppressed'] | we can ignore this virus : Propionibacterium_phage_PHL067
INFO:root:No latest_assembly_versions folder for Propionibacterium_phage_PHL114
INFO:root:only suppressed dir in all assembly: ['suppressed'] | we can ignore this virus : Propionibacterium_phage_PHL114
INFO:root:No latest_assembly_versions folder for Propionibacterium_phage_PHL117
INFO:root:only suppressed dir in all assembly: ['suppressed'] | we can ignore this virus : Propionibacterium_phage_PHL117
INFO:root:No latest_assembly_versions folder for Propionibacterium_phage_PHL151
INFO:root:only suppressed dir in all assembly: ['suppressed'] | we can ignore this virus : Propionibacterium_phage_PHL151
INFO:root:No latest_assembly_versions folder for Propionibacterium_phage_PHL308
INFO:root:only suppressed dir in all assembly: ['suppressed'] | we can ignore this virus : Propionibacterium_phage_PHL308
